<?xml version="1.0" encoding="UTF-8"?>
<!-- Generated by org.testng.reporters.JUnitReportReporter -->
<testsuite name="jan29.PropertiesFile" tests="1" time="8.091" ignored="0" failures="0" timestamp="29 Jan 2020 17:56:15 GMT" skipped="0" hostname="Lenovo-PC" errors="0">
  <testcase name="Login" time="8.091" classname="jan29.PropertiesFile"/>
</testsuite> <!-- jan29.PropertiesFile -->
