<?xml version="1.0" encoding="UTF-8"?>
<!-- Generated by org.testng.reporters.JUnitReportReporter -->
<testsuite name="jan29.DataDriven" tests="1" time="37.541" ignored="0" failures="0" timestamp="01 Feb 2020 14:53:36 GMT" skipped="0" hostname="Lenovo-PC" errors="0">
  <testcase name="Login" time="37.541" classname="jan29.DataDriven"/>
</testsuite> <!-- jan29.DataDriven -->
