<?xml version="1.0" encoding="UTF-8"?>
<!-- Generated by org.testng.reporters.JUnitReportReporter -->
<testsuite name="jan29.PropertiesFile" tests="1" time="9.861" ignored="0" failures="0" timestamp="01 Feb 2020 14:56:13 GMT" skipped="0" hostname="Lenovo-PC" errors="0">
  <testcase name="Login" time="9.861" classname="jan29.PropertiesFile"/>
</testsuite> <!-- jan29.PropertiesFile -->
