<?xml version="1.0" encoding="UTF-8"?>
<!-- Generated by org.testng.reporters.JUnitReportReporter -->
<testsuite name="jan27.UsingExtentReports" tests="2" time="0.016" ignored="0" failures="0" timestamp="28 Jan 2020 14:49:18 GMT" skipped="0" hostname="Lenovo-PC" errors="0">
  <testcase name="tc1" time="0.000" classname="jan27.UsingExtentReports"/>
  <testcase name="tc2" time="0.016" classname="jan27.UsingExtentReports"/>
</testsuite> <!-- jan27.UsingExtentReports -->
