<?xml version="1.0" encoding="UTF-8"?>
<!-- Generated by org.testng.reporters.JUnitReportReporter -->
<testsuite name="jan30.Ranga_extentReports" tests="1" time="13.111" ignored="0" failures="0" timestamp="01 Feb 2020 15:02:25 GMT" skipped="0" hostname="Lenovo-PC" errors="0">
  <testcase name="verifyLogin" time="13.111" classname="jan30.Ranga_extentReports"/>
</testsuite> <!-- jan30.Ranga_extentReports -->
